<?xml version="1.0" encoding="utf-8" standalone="no"?>
<!--This file represents the results of running a test suite-->
<test-results name="C:\Users\Jeremiah Redekop\Documents\GeniusCode\Github\GeniusCode.XtraReports.Runtime\src\gcXtraReports.Runtime.UnitTests\Project1.nunit" total="18" errors="0" failures="0" not-run="0" inconclusive="0" ignored="0" skipped="0" invalid="0" date="2012-02-21" time="14:43:46">
  <environment nunit-version="2.5.10.11092" clr-version="2.0.50727.5448" os-version="Microsoft Windows NT 6.1.7601 Service Pack 1" platform="Win32NT" cwd="C:\Program Files\NUnit 2.5.10\bin\net-2.0" machine-name="WIN-R2MC10THE6H" user="Jeremiah Redekop" user-domain="WIN-R2MC10THE6H" />
  <culture-info current-culture="en-US" current-uiculture="en-US" />
  <test-suite type="Project" name="C:\Users\Jeremiah Redekop\Documents\GeniusCode\Github\GeniusCode.XtraReports.Runtime\src\gcXtraReports.Runtime.UnitTests\Project1.nunit" executed="True" result="Success" success="True" time="7.011" asserts="0">
    <results>
      <test-suite type="Assembly" name="C:\Users\Jeremiah Redekop\Documents\GeniusCode\Github\GeniusCode.XtraReports.Runtime\src\gcXtraReports.Runtime.UnitTests\bin\Release\gcXtraReports.Runtime.UnitTests.dll" executed="True" result="Success" success="True" time="4.131" asserts="0">
        <results>
          <test-suite type="Namespace" name="GeniusCode" executed="True" result="Success" success="True" time="4.130" asserts="0">
            <results>
              <test-suite type="Namespace" name="XtraReports" executed="True" result="Success" success="True" time="4.130" asserts="0">
                <results>
                  <test-suite type="Namespace" name="Runtime" executed="True" result="Success" success="True" time="4.130" asserts="0">
                    <results>
                      <test-suite type="Namespace" name="UnitTests" executed="True" result="Success" success="True" time="4.129" asserts="0">
                        <results>
                          <test-suite type="TestFixture" name="ApiTweaks" executed="True" result="Success" success="True" time="1.937" asserts="0">
                            <results>
                              <test-case name="GeniusCode.XtraReports.Runtime.UnitTests.ApiTweaks.Should_not_collide_with_two_controllers" executed="True" result="Success" success="True" time="1.518" asserts="0" />
                              <test-case name="GeniusCode.XtraReports.Runtime.UnitTests.ApiTweaks.Should_pass_root_hashcode" executed="True" result="Success" success="True" time="0.407" asserts="0" />
                            </results>
                          </test-suite>
                          <test-suite type="TestFixture" name="GeneralUnitTests" executed="True" result="Success" success="True" time="2.187" asserts="0">
                            <results>
                              <test-case name="GeniusCode.XtraReports.Runtime.UnitTests.GeneralUnitTests.applies_to_entire_report" executed="True" result="Success" success="True" time="0.017" asserts="1" />
                              <test-case name="GeniusCode.XtraReports.Runtime.UnitTests.GeneralUnitTests.Handler_wireup_should_be_predicatable" executed="True" result="Success" success="True" time="0.004" asserts="0" />
                              <test-case name="GeniusCode.XtraReports.Runtime.UnitTests.GeneralUnitTests.predicate_prevents_applying_action" executed="True" result="Success" success="True" time="0.396" asserts="2" />
                              <test-case name="GeniusCode.XtraReports.Runtime.UnitTests.GeneralUnitTests.Should_convert_subreport_to_myReportBase" executed="True" result="Success" success="True" time="0.473" asserts="0" />
                              <test-case name="GeniusCode.XtraReports.Runtime.UnitTests.GeneralUnitTests.Should_fire_actions_on_table_members" executed="True" result="Success" success="True" time="0.275" asserts="1" />
                              <test-case name="GeniusCode.XtraReports.Runtime.UnitTests.GeneralUnitTests.Should_handle_detail_reports" executed="True" result="Success" success="True" time="0.393" asserts="0" />
                              <test-case name="GeniusCode.XtraReports.Runtime.UnitTests.GeneralUnitTests.Should_handle_detail_reports_with_subreport" executed="True" result="Success" success="True" time="0.585" asserts="0" />
                              <test-case name="GeniusCode.XtraReports.Runtime.UnitTests.GeneralUnitTests.XtraReport_should_fire_event_properly" executed="True" result="Success" success="True" time="0.010" asserts="0" />
                            </results>
                          </test-suite>
                        </results>
                      </test-suite>
                    </results>
                  </test-suite>
                </results>
              </test-suite>
            </results>
          </test-suite>
        </results>
      </test-suite>
      <test-suite type="Assembly" name="C:\Users\Jeremiah Redekop\Documents\GeniusCode\Github\GeniusCode.XtraReports.Runtime\src\gcXtraReports.Runtime.Specs\bin\Release\gcXtraReports.Runtime.Specs.dll" executed="True" result="Success" success="True" time="2.851" asserts="0">
        <results>
          <test-suite type="Namespace" name="GeniusCode" executed="True" result="Success" success="True" time="2.850" asserts="0">
            <results>
              <test-suite type="Namespace" name="XtraReports" executed="True" result="Success" success="True" time="2.850" asserts="0">
                <results>
                  <test-suite type="Namespace" name="Runtime" executed="True" result="Success" success="True" time="2.849" asserts="0">
                    <results>
                      <test-suite type="Namespace" name="Specs" executed="True" result="Success" success="True" time="2.849" asserts="0">
                        <results>
                          <test-suite type="TestFixture" name="ActionsFeature" description="Actions" executed="True" result="Success" success="True" time="0.605" asserts="0">
                            <results>
                              <test-case name="GeniusCode.XtraReports.Runtime.Specs.ActionsFeature.ChangeTextOnALabelInASubreport" description="Change text on a label in a subreport" executed="True" result="Success" success="True" time="0.404" asserts="0">
                                <categories>
                                  <category name="mytag" />
                                </categories>
                              </test-case>
                            </results>
                          </test-suite>
                          <test-suite type="TestFixture" name="ImagesShouldBeSetByActionFeature" description="Images Should be Set By Action" executed="True" result="Success" success="True" time="0.319" asserts="0">
                            <results>
                              <test-case name="GeniusCode.XtraReports.Runtime.Specs.ImagesShouldBeSetByActionFeature.InsertImageFromFile" description="Insert image from file" executed="True" result="Success" success="True" time="0.317" asserts="0">
                                <categories>
                                  <category name="mytag" />
                                </categories>
                              </test-case>
                            </results>
                          </test-suite>
                          <test-suite type="TestFixture" name="SubreportInsideOfADetailReportBandIsPassedTheCorrectDatasourceFeature" description="Subreport Inside of a Detail Report Band is passed the correct Datasource" executed="True" result="Success" success="True" time="1.037" asserts="0">
                            <results>
                              <test-case name="GeniusCode.XtraReports.Runtime.Specs.SubreportInsideOfADetailReportBandIsPassedTheCorrectDatasourceFeature.SubreportInsideDetailOfDetailReportBand" description="Subreport inside detail of detail report band" executed="True" result="Success" success="True" time="0.499" asserts="0" />
                              <test-case name="GeniusCode.XtraReports.Runtime.Specs.SubreportInsideOfADetailReportBandIsPassedTheCorrectDatasourceFeature.SubreportInsideFooterOfDetailReportBand" description="Subreport inside footer of detail report band" executed="True" result="Success" success="True" time="0.264" asserts="0" />
                              <test-case name="GeniusCode.XtraReports.Runtime.Specs.SubreportInsideOfADetailReportBandIsPassedTheCorrectDatasourceFeature.SubreportInsideHeaderOfDetailReportBand" description="Subreport inside header of detail report band" executed="True" result="Success" success="True" time="0.263" asserts="0">
                                <categories>
                                  <category name="mytag" />
                                </categories>
                              </test-case>
                            </results>
                          </test-suite>
                          <test-suite type="TestFixture" name="SubreportIsPassedCorrectDatasourceFeature" description="Subreport is passed correct datasource" executed="True" result="Success" success="True" time="0.869" asserts="0">
                            <results>
                              <test-case name="GeniusCode.XtraReports.Runtime.Specs.SubreportIsPassedCorrectDatasourceFeature.SubreportInsideOfADetailBand" description="Subreport inside of a detail band" executed="True" result="Success" success="True" time="0.286" asserts="0" />
                              <test-case name="GeniusCode.XtraReports.Runtime.Specs.SubreportIsPassedCorrectDatasourceFeature.SubreportInsideOfAFooterBand" description="Subreport inside of a footer band" executed="True" result="Success" success="True" time="0.297" asserts="0" />
                              <test-case name="GeniusCode.XtraReports.Runtime.Specs.SubreportIsPassedCorrectDatasourceFeature.SubreportInsideOfAHeaderBand" description="Subreport inside of a header band" executed="True" result="Success" success="True" time="0.270" asserts="0">
                                <categories>
                                  <category name="mytag" />
                                </categories>
                              </test-case>
                            </results>
                          </test-suite>
                        </results>
                      </test-suite>
                    </results>
                  </test-suite>
                </results>
              </test-suite>
            </results>
          </test-suite>
        </results>
      </test-suite>
    </results>
  </test-suite>
</test-results>